[    0.000000] Initializing cgroup subsys cpuset
[    0.000000] Initializing cgroup subsys cpu
[    0.000000] Initializing cgroup subsys cpuacct
[    0.000000] Linux version 4.4.0-210-generic (buildd@lgw01-amd64-009) (gcc version 5.4.0 20160609 (Ubuntu 5.4.0-6ubuntu1~16.04.12) ) #242-Ubuntu SMP Fri Apr 16 09:57:56 UTC 2021 (Ubuntu 4.4.0-210.242-generic 4.4.262)
[    0.000000] Command line: BOOT_IMAGE=/boot/vmlinuz-4.4.0-210-generic root=LABEL=cloudimg-rootfs ro console=tty1 console=ttyS0
[    0.000000] KERNEL supported cpus:
[    0.000000]   Intel GenuineIntel
[    0.000000]   AMD AuthenticAMD
[    0.000000]   Centaur CentaurHauls
[    0.000000] x86/fpu: Legacy x87 FPU detected.
[    0.000000] e820: BIOS-provided physical RAM map:
[    0.000000] BIOS-e820: [mem 0x0000000000000000-0x000000000009fbff] usable
[    0.000000] BIOS-e820: [mem 0x000000000009fc00-0x000000000009ffff] reserved
[    0.000000] BIOS-e820: [mem 0x00000000000f0000-0x00000000000fffff] reserved
[    0.000000] BIOS-e820: [mem 0x0000000000100000-0x000000003ffeffff] usable
[    0.000000] BIOS-e820: [mem 0x000000003fff0000-0x000000003fffffff] ACPI data
[    0.000000] BIOS-e820: [mem 0x00000000fec00000-0x00000000fec00fff] reserved
[    0.000000] BIOS-e820: [mem 0x00000000fee00000-0x00000000fee00fff] reserved
[    0.000000] BIOS-e820: [mem 0x00000000fffc0000-0x00000000ffffffff] reserved
[    0.000000] NX (Execute Disable) protection: active
[    0.000000] SMBIOS 2.5 present.
[    0.000000] Hypervisor detected: KVM
[    0.000000] Kernel/User page tables isolation: disabled
[    0.000000] e820: last_pfn = 0x3fff0 max_arch_pfn = 0x400000000
[    0.000000] MTRR: Disabled
[    0.000000] x86/PAT: MTRRs disabled, skipping PAT initialization too.
[    0.000000] CPU MTRRs all blank - virtualized system.
[    0.000000] x86/PAT: Configuration [0-7]: WB  WT  UC- UC  WB  WT  UC- UC  
[    0.000000] found SMP MP-table at [mem 0x0009fff0-0x0009ffff] mapped at [ffff88000009fff0]
[    0.000000] Scanning 1 areas for low memory corruption
[    0.000000] RAMDISK: [mem 0x362dc000-0x37165fff]
[    0.000000] ACPI: Early table checksum verification disabled
[    0.000000] ACPI: RSDP 0x00000000000E0000 000024 (v02 VBOX  )
[    0.000000] ACPI: XSDT 0x000000003FFF0030 00003C (v01 VBOX   VBOXXSDT 00000001 ASL  00000061)
[    0.000000] ACPI: FACP 0x000000003FFF00F0 0000F4 (v04 VBOX   VBOXFACP 00000001 ASL  00000061)
[    0.000000] ACPI: DSDT 0x000000003FFF0470 002325 (v02 VBOX   VBOXBIOS 00000002 INTL 20100528)
[    0.000000] ACPI: FACS 0x000000003FFF0200 000040
[    0.000000] ACPI: FACS 0x000000003FFF0200 000040
[    0.000000] ACPI: APIC 0x000000003FFF0240 00005C (v02 VBOX   VBOXAPIC 00000001 ASL  00000061)
[    0.000000] ACPI: SSDT 0x000000003FFF02A0 0001CC (v01 VBOX   VBOXCPUT 00000002 INTL 20100528)
[    0.000000] No NUMA configuration found
[    0.000000] Faking a node at [mem 0x0000000000000000-0x000000003ffeffff]
[    0.000000] NODE_DATA(0) allocated [mem 0x3ffeb000-0x3ffeffff]
[    0.000000] kvm-clock: Using msrs 4b564d01 and 4b564d00
[    0.000000] kvm-clock: cpu 0, msr 0:3ffe3001, primary cpu clock
[    0.000000] kvm-clock: using sched offset of 3554124543 cycles
[    0.000000] clocksource: kvm-clock: mask: 0xffffffffffffffff max_cycles: 0x1cd42e4dffb, max_idle_ns: 881590591483 ns
[    0.000000] Zone ranges:
[    0.000000]   DMA      [mem 0x0000000000001000-0x0000000000ffffff]
[    0.000000]   DMA32    [mem 0x0000000001000000-0x000000003ffeffff]
[    0.000000]   Normal   empty
[    0.000000]   Device   empty
[    0.000000] Movable zone start for each node
[    0.000000] Early memory node ranges
[    0.000000]   node   0: [mem 0x0000000000001000-0x000000000009efff]
[    0.000000]   node   0: [mem 0x0000000000100000-0x000000003ffeffff]
[    0.000000] Initmem setup node 0 [mem 0x0000000000001000-0x000000003ffeffff]
[    0.000000] ACPI: PM-Timer IO Port: 0x4008
[    0.000000] IOAPIC[0]: apic_id 2, version 32, address 0xfec00000, GSI 0-23
[    0.000000] ACPI: INT_SRC_OVR (bus 0 bus_irq 0 global_irq 2 dfl dfl)
[    0.000000] ACPI: INT_SRC_OVR (bus 0 bus_irq 9 global_irq 9 low level)
[    0.000000] Using ACPI (MADT) for SMP configuration information
[    0.000000] smpboot: Allowing 2 CPUs, 0 hotplug CPUs
[    0.000000] PM: Registered nosave memory: [mem 0x00000000-0x00000fff]
[    0.000000] PM: Registered nosave memory: [mem 0x0009f000-0x0009ffff]
[    0.000000] PM: Registered nosave memory: [mem 0x000a0000-0x000effff]
[    0.000000] PM: Registered nosave memory: [mem 0x000f0000-0x000fffff]
[    0.000000] e820: [mem 0x40000000-0xfebfffff] available for PCI devices
[    0.000000] Booting paravirtualized kernel on KVM
[    0.000000] clocksource: refined-jiffies: mask: 0xffffffff max_cycles: 0xffffffff, max_idle_ns: 7645519600211568 ns
[    0.000000] setup_percpu: NR_CPUS:512 nr_cpumask_bits:512 nr_cpu_ids:2 nr_node_ids:1
[    0.000000] PERCPU: Embedded 33 pages/cpu @ffff88003fc00000 s95192 r8192 d31784 u1048576
[    0.000000] Built 1 zonelists in Node order, mobility grouping on.  Total pages: 257912
[    0.000000] Policy zone: DMA32
[    0.000000] Kernel command line: BOOT_IMAGE=/boot/vmlinuz-4.4.0-210-generic root=LABEL=cloudimg-rootfs ro console=tty1 console=ttyS0
[    0.000000] PID hash table entries: 4096 (order: 3, 32768 bytes)
[    0.000000] Memory: 997792K/1048120K available (8644K kernel code, 1332K rwdata, 4044K rodata, 1492K init, 1164K bss, 50328K reserved, 0K cma-reserved)
[    0.000000] SLUB: HWalign=64, Order=0-3, MinObjects=0, CPUs=2, Nodes=1
[    0.000000] Hierarchical RCU implementation.
[    0.000000] 	Build-time adjustment of leaf fanout to 64.
[    0.000000] 	RCU restricting CPUs from NR_CPUS=512 to nr_cpu_ids=2.
[    0.000000] RCU: Adjusting geometry for rcu_fanout_leaf=64, nr_cpu_ids=2
[    0.000000] NR_IRQS:33024 nr_irqs:440 16
[    0.000000] Console: colour VGA+ 80x25
[    0.000000] console [tty1] enabled
[    0.000000] console [ttyS0] enabled
[    0.000000] tsc: Detected 2304.000 MHz processor
[    0.335303] Calibrating delay loop (skipped) preset value.. 4608.00 BogoMIPS (lpj=9216000)
[    0.340139] pid_max: default: 32768 minimum: 301
[    0.344158] ACPI: Core revision 20150930
[    0.347238] ACPI: 2 ACPI AML tables successfully acquired and loaded
[    0.351328] Security Framework initialized
[    0.353619] Yama: becoming mindful.
[    0.355625] AppArmor: AppArmor initialized
[    0.359096] Dentry cache hash table entries: 131072 (order: 8, 1048576 bytes)
[    0.364927] Inode-cache hash table entries: 65536 (order: 7, 524288 bytes)
[    0.369844] Mount-cache hash table entries: 2048 (order: 2, 16384 bytes)
[    0.373414] Mountpoint-cache hash table entries: 2048 (order: 2, 16384 bytes)
[    0.377890] Initializing cgroup subsys io
[    0.380121] Initializing cgroup subsys memory
[    0.383689] Initializing cgroup subsys devices
[    0.387163] Initializing cgroup subsys freezer
[    0.389850] Initializing cgroup subsys net_cls
[    0.392224] Initializing cgroup subsys perf_event
[    0.395278] Initializing cgroup subsys net_prio
[    0.398147] Initializing cgroup subsys hugetlb
[    0.400652] Initializing cgroup subsys pids
[    0.403747] mce: CPU supports 0 MCE banks
[    0.406132] Last level iTLB entries: 4KB 0, 2MB 0, 4MB 0
[    0.409142] Last level dTLB entries: 4KB 0, 2MB 0, 4MB 0, 1GB 0
[    0.414310] Spectre V1 : Mitigation: usercopy/swapgs barriers and __user pointer sanitization
[    0.418896] Spectre V2 : Mitigation: Enhanced IBRS
[    0.421363] Spectre V2 : Spectre v2 / SpectreRSB mitigation: Filling RSB on context switch
[    0.428464] Speculative Store Bypass: Vulnerable
[    0.454571] Freeing SMP alternatives memory: 36K
[    0.506307] ftrace: allocating 32380 entries in 127 pages
[    0.842284] smpboot: APIC(0) Converting physical 0 to logical package 0
[    0.846206] smpboot: Max logical packages: 1
[    0.856289] ..TIMER: vector=0x30 apic1=0 pin1=2 apic2=-1 pin2=-1
[    0.967934] smpboot: CPU0: 11th Gen Intel(R) Core(TM) i7-11800H @ 2.30GHz (family: 0x6, model: 0x8d, stepping: 0x1)
[    0.974053] Performance Events: unsupported p6 CPU model 141 no PMU driver, software events only.
[    1.029328] KVM setup paravirtual spinlock
[    1.033352] x86: Booting SMP configuration:
[    1.035569] .... node  #0, CPUs:      #1
[    1.038638] kvm-clock: cpu 1, msr 0:3ffe3041, secondary cpu clock
[    1.041630] mce: CPU supports 0 MCE banks
[    1.044924] TSC synchronization [CPU#0 -> CPU#1]:
[    1.047620] Measured 39822 cycles TSC warp between CPUs, turning off TSC clock.
[    1.051582] tsc: Marking TSC unstable due to check_tsc_sync_source failed
[    0.374316] x86: Booted up 1 node, 2 CPUs
[    0.376002] smpboot: Total of 2 processors activated (9216.00 BogoMIPS)
[    0.381095] devtmpfs: initialized
[    0.384931] evm: security.selinux
[    0.386664] evm: security.SMACK64
[    0.388003] evm: security.SMACK64EXEC
[    0.389840] evm: security.SMACK64TRANSMUTE
[    0.391997] evm: security.SMACK64MMAP
[    0.392002] evm: security.ima
[    0.393574] evm: security.capability
[    0.396171] clocksource: jiffies: mask: 0xffffffff max_cycles: 0xffffffff, max_idle_ns: 7645041785100000 ns
[    0.400012] futex hash table entries: 512 (order: 3, 32768 bytes)
[    0.404187] pinctrl core: initialized pinctrl subsystem
[    0.406792] RTC time: 17:04:39, date: 02/09/23
[    0.408622] NET: Registered protocol family 16
[    0.424006] cpuidle: using governor ladder
[    0.436010] cpuidle: using governor menu
[    0.438286] PCCT header not found.
[    0.440068] ACPI: bus type PCI registered
[    0.442117] acpiphp: ACPI Hot Plug PCI Controller Driver version: 0.5
[    0.444295] PCI: Using configuration type 1 for base access
[    0.468982] ACPI: Added _OSI(Module Device)
[    0.472007] ACPI: Added _OSI(Processor Device)
[    0.476006] ACPI: Added _OSI(3.0 _SCP Extensions)
[    0.480002] ACPI: Added _OSI(Processor Aggregator Device)
[    0.483336] ACPI: Executed 1 blocks of module-level executable AML code
[    0.489277] ACPI: Interpreter enabled
[    0.491181] ACPI: (supports S0 S5)
[    0.492002] ACPI: Using IOAPIC for interrupt routing
[    0.494782] PCI: Using host bridge windows from ACPI; if necessary, use "pci=nocrs" and report a bug
[    0.502967] ACPI: PCI Root Bridge [PCI0] (domain 0000 [bus 00-ff])
[    0.504005] acpi PNP0A03:00: _OSC: OS supports [ASPM ClockPM Segments MSI]
[    0.508246] acpi PNP0A03:00: _OSC: not requesting OS control; OS requires [ExtendedConfig ASPM ClockPM MSI]
[    0.512008] acpi PNP0A03:00: fail to add MMCONFIG information, can't access extended PCI configuration space under this bridge.
[    0.516406] PCI host bridge to bus 0000:00
[    0.518472] pci_bus 0000:00: root bus resource [io  0x0000-0x0cf7 window]
[    0.520003] pci_bus 0000:00: root bus resource [io  0x0d00-0xffff window]
[    0.524003] pci_bus 0000:00: root bus resource [mem 0x000a0000-0x000bffff window]
[    0.528003] pci_bus 0000:00: root bus resource [mem 0x40000000-0xfdffffff window]
[    0.532002] pci_bus 0000:00: root bus resource [bus 00-ff]
[    0.539154] pci 0000:00:01.1: legacy IDE quirk: reg 0x10: [io  0x01f0-0x01f7]
[    0.540002] pci 0000:00:01.1: legacy IDE quirk: reg 0x14: [io  0x03f6]
[    0.544003] pci 0000:00:01.1: legacy IDE quirk: reg 0x18: [io  0x0170-0x0177]
[    0.547487] pci 0000:00:01.1: legacy IDE quirk: reg 0x1c: [io  0x0376]
[    0.561277] pci 0000:00:07.0: quirk: [io  0x4000-0x403f] claimed by PIIX4 ACPI
[    0.564024] pci 0000:00:07.0: quirk: [io  0x4100-0x410f] claimed by PIIX4 SMB
[    0.576218] ACPI: PCI Interrupt Link [LNKA] (IRQs 5 9 10 *11)
[    0.580611] ACPI: PCI Interrupt Link [LNKB] (IRQs 5 9 *10 11)
[    0.588160] ACPI: PCI Interrupt Link [LNKC] (IRQs 5 *9 10 11)
[    0.593850] ACPI: PCI Interrupt Link [LNKD] (IRQs 5 9 10 *11)
[    0.597997] ACPI: Enabled 2 GPEs in block 00 to 07
[    0.604043] vgaarb: setting as boot device: PCI:0000:00:02.0
[    0.607189] vgaarb: device added: PCI:0000:00:02.0,decodes=io+mem,owns=io+mem,locks=none
[    0.608006] vgaarb: loaded
[    0.609516] vgaarb: bridge control possible 0000:00:02.0
[    0.612270] SCSI subsystem initialized
[    0.616134] ACPI: bus type USB registered
[    0.618306] usbcore: registered new interface driver usbfs
[    0.620023] usbcore: registered new interface driver hub
[    0.624018] usbcore: registered new device driver usb
[    0.628294] PCI: Using ACPI for IRQ routing
[    0.632281] NetLabel: Initializing
[    0.634024] NetLabel:  domain hash size = 128
[    0.636001] NetLabel:  protocols = UNLABELED CIPSOv4
[    0.638422] NetLabel:  unlabeled traffic allowed by default
[    0.640105] amd_nb: Cannot enumerate AMD northbridges
[    0.644154] clocksource: Switched to clocksource kvm-clock
[    0.650878] AppArmor: AppArmor Filesystem Enabled
[    0.650878] pnp: PnP ACPI init
[    0.650878] pnp: PnP ACPI: found 3 devices
[    0.696260] clocksource: acpi_pm: mask: 0xffffff max_cycles: 0xffffff, max_idle_ns: 2085701024 ns
[    0.700229] NET: Registered protocol family 2
[    0.705101] TCP established hash table entries: 8192 (order: 4, 65536 bytes)
[    0.708842] TCP bind hash table entries: 8192 (order: 5, 131072 bytes)
[    0.712229] TCP: Hash tables configured (established 8192 bind 8192)
[    0.712647] UDP hash table entries: 512 (order: 2, 16384 bytes)
[    0.718981] UDP-Lite hash table entries: 512 (order: 2, 16384 bytes)
[    0.722292] NET: Registered protocol family 1
[    0.724471] pci 0000:00:00.0: Limiting direct PCI/PCI transfers
[    0.727537] pci 0000:00:01.0: Activating ISA DMA hang workarounds
[    0.730855] Unpacking initramfs...
[    0.752714] Freeing initrd memory: 14888K
[    0.752714] clocksource: tsc: mask: 0xffffffffffffffff max_cycles: 0x2135f7c97c8, max_idle_ns: 440795273205 ns
[    0.752714] platform rtc_cmos: registered platform RTC device (no PNP device found)
[    0.752714] Scanning for low memory corruption every 60 seconds
[    0.975607] audit: initializing netlink subsys (disabled)
[    0.980835] audit: type=2000 audit(1675962284.634:1): initialized
[    0.986268] Initialise system trusted keyring
[    0.991303] HugeTLB registered 2 MB page size, pre-allocated 0 pages
[    0.998100] zbud: loaded
[    1.000767] VFS: Disk quotas dquot_6.6.0
[    1.004089] VFS: Dquot-cache hash table entries: 512 (order 0, 4096 bytes)
[    1.009848] squashfs: version 4.0 (2009/01/31) Phillip Lougher
[    1.014332] fuse init (API version 7.23)
[    1.017028] Key type big_key registered
[    1.019210] Allocating IMA MOK and blacklist keyrings.
[    1.029465] Key type asymmetric registered
[    1.031500] Asymmetric key parser 'x509' registered
[    1.034054] Block layer SCSI generic (bsg) driver version 0.4 loaded (major 249)
[    1.038168] io scheduler noop registered
[    1.040891] io scheduler deadline registered (default)
[    1.043420] io scheduler cfq registered
[    1.045552] pci_hotplug: PCI Hot Plug PCI Core version: 0.5
[    1.048468] pciehp: PCI Express Hot Plug Controller Driver version: 0.4
[    1.051804] ACPI: AC Adapter [AC] (on-line)
[    1.054028] input: Power Button as /devices/LNXSYSTM:00/LNXPWRBN:00/input/input0
[    1.057704] ACPI: Power Button [PWRF]
[    1.057967] input: Sleep Button as /devices/LNXSYSTM:00/LNXSLPBN:00/input/input1
[    1.057967] ACPI: Sleep Button [SLPF]
[    1.066249] GHES: HEST is not enabled!
[    1.067140] ACPI: Battery Slot [BAT0] (battery present)
[    1.072819] Serial: 8250/16550 driver, 32 ports, IRQ sharing enabled
[    1.099843] 00:02: ttyS0 at I/O 0x3f8 (irq = 4, base_baud = 115200) is a 16550A
[    1.115828] Linux agpgart interface v0.103
[    1.126945] loop: module loaded
[    1.131200] scsi host0: ata_piix
[    1.133933] scsi host1: ata_piix
[    1.135812] ata1: PATA max UDMA/33 cmd 0x1f0 ctl 0x3f6 bmdma 0xd000 irq 14
[    1.137883] ata2: PATA max UDMA/33 cmd 0x170 ctl 0x376 bmdma 0xd008 irq 15
[    1.145084] libphy: Fixed MDIO Bus: probed
[    1.149106] tun: Universal TUN/TAP device driver, 1.6
[    1.153606] tun: (C) 1999-2004 Max Krasnyansky <maxk@qualcomm.com>
[    1.158720] PPP generic driver version 2.4.2
[    1.161788] ehci_hcd: USB 2.0 'Enhanced' Host Controller (EHCI) Driver
[    1.166597] ehci-pci: EHCI PCI platform driver
[    1.169506] ehci-platform: EHCI generic platform driver
[    1.172803] ohci_hcd: USB 1.1 'Open' Host Controller (OHCI) Driver
[    1.176266] ohci-pci: OHCI PCI platform driver
[    1.178957] ohci-platform: OHCI generic platform driver
[    1.181907] uhci_hcd: USB Universal Host Controller Interface driver
[    1.185461] i8042: PNP: PS/2 Controller [PNP0303:PS2K,PNP0f03:PS2M] at 0x60,0x64 irq 1,12
[    1.191963] serio: i8042 KBD port at 0x60,0x64 irq 1
[    1.195130] serio: i8042 AUX port at 0x60,0x64 irq 12
[    1.198953] mousedev: PS/2 mouse device common for all mice
[    1.203260] input: AT Translated Set 2 keyboard as /devices/platform/i8042/serio0/input/input2
[    1.209632] rtc_cmos rtc_cmos: rtc core: registered rtc_cmos as rtc0
[    1.213831] rtc_cmos rtc_cmos: alarms up to one day, 114 bytes nvram
[    1.216974] i2c /dev entries driver
[    1.219006] device-mapper: uevent: version 1.0.3
[    1.221536] device-mapper: ioctl: 4.34.0-ioctl (2015-10-28) initialised: dm-devel@redhat.com
[    1.225869] ledtrig-cpu: registered to indicate activity on CPUs
[    1.230289] NET: Registered protocol family 10
[    1.233183] NET: Registered protocol family 17
[    1.235364] Key type dns_resolver registered
[    1.238868] registered taskstats version 1
[    1.240987] Loading compiled-in X.509 certificates
[    1.243614] Loaded X.509 cert 'Build time autogenerated kernel key: cf00e047681d67edb2720680708b7d9498083038'
[    1.248558] zswap: loaded using pool lzo/zbud
[    1.253896] Key type trusted registered
[    1.261030] Key type encrypted registered
[    1.263564] AppArmor: AppArmor sha1 policy hashing enabled
[    1.266310] ima: No TPM chip found, activating TPM-bypass!
[    1.269265] ima: Allocated hash algorithm: sha1
[    1.271847] evm: HMAC attrs: 0x1
[    1.274575]   Magic number: 11:965:86
[    1.276852] rtc_cmos rtc_cmos: setting system clock to 2023-02-09 17:04:40 UTC (1675962280)
[    1.282097] BIOS EDD facility v0.16 2004-Jun-25, 0 devices found
[    1.285082] EDD information not available.
[    1.343005] Freeing unused kernel memory: 1492K
[    1.345973] Write protecting the kernel read-only data: 14336k
[    1.349427] Freeing unused kernel memory: 1584K
[    1.352041] Freeing unused kernel memory: 52K
Loading, please wait...
starting version 229
[    1.370277] random: systemd-udevd: uninitialized urandom read (16 bytes read, 4 bits of entropy available)
[    1.370797] random: udevadm: uninitialized urandom read (16 bytes read, 4 bits of entropy available)
[    1.370807] random: udevadm: uninitialized urandom read (16 bytes read, 4 bits of entropy available)
[    1.376869] random: udevadm: uninitialized urandom read (16 bytes read, 4 bits of entropy available)
[    1.376889] random: udevadm: uninitialized urandom read (16 bytes read, 4 bits of entropy available)
[    1.376973] random: udevadm: uninitialized urandom read (16 bytes read, 4 bits of entropy available)
[    1.377017] random: udevadm: uninitialized urandom read (16 bytes read, 4 bits of entropy available)
[    1.377040] random: udevadm: uninitialized urandom read (16 bytes read, 4 bits of entropy available)
[    1.377076] random: udevadm: uninitialized urandom read (16 bytes read, 4 bits of entropy available)
[    1.377099] random: udevadm: uninitialized urandom read (16 bytes read, 4 bits of entropy available)
[    1.444506] e1000: Intel(R) PRO/1000 Network Driver - version 7.3.21-k8-NAPI
[    1.448069] e1000: Copyright (c) 1999-2006 Intel Corporation.
[    1.459921] Fusion MPT base driver 3.04.20
[    1.462850] Copyright (c) 1999-2008 LSI Corporation
[    1.488591] Fusion MPT SPI Host driver 3.04.20
[    1.742091] input: ImExPS/2 Generic Explorer Mouse as /devices/platform/i8042/serio1/input/input4
[    1.986892] e1000 0000:00:03.0 eth0: (PCI:33MHz:32-bit) 02:be:82:6b:cc:1d
[    1.991538] e1000 0000:00:03.0 eth0: Intel(R) PRO/1000 Network Connection
[    1.996406] mptbase: ioc0: Initiating bringup
[    2.061413] ioc0: LSI53C1030 A0: Capabilities={Initiator}
[    2.232709] scsi host2: ioc0: LSI53C1030 A0, FwRev=00000000h, Ports=1, MaxQ=256, IRQ=20
[    2.355467] scsi 2:0:0:0: Direct-Access     VBOX     HARDDISK         1.0  PQ: 0 ANSI: 5
[    2.373203] scsi target2:0:0: Beginning Domain Validation
[    2.398262] scsi target2:0:0: Domain Validation skipping write tests
[    2.404804] scsi target2:0:0: Ending Domain Validation
[    2.409897] scsi target2:0:0: asynchronous
[    2.416568] scsi 2:0:1:0: Direct-Access     VBOX     HARDDISK         1.0  PQ: 0 ANSI: 5
[    2.421472] scsi target2:0:1: Beginning Domain Validation
[    2.429936] scsi target2:0:1: Domain Validation skipping write tests
[    2.433699] scsi target2:0:1: Ending Domain Validation
[    2.437298] scsi target2:0:1: asynchronous
[    2.453058] sd 2:0:0:0: Attached scsi generic sg0 type 0
[    2.456585] sd 2:0:0:0: [sda] 83886080 512-byte logical blocks: (42.9 GB/40.0 GiB)
[    2.461478] sd 2:0:1:0: Attached scsi generic sg1 type 0
[    2.465106] sd 2:0:1:0: [sdb] 20480 512-byte logical blocks: (10.5 MB/10.0 MiB)
[    2.470122] sd 2:0:0:0: [sda] Write Protect is off
[    2.473372] sd 2:0:1:0: [sdb] Write Protect is off
[    2.479987] sd 2:0:0:0: [sda] Incomplete mode parameter data
[    2.483281] sd 2:0:0:0: [sda] Assuming drive cache: write through
[    2.487225] sd 2:0:1:0: [sdb] Incomplete mode parameter data
[    2.490403] sd 2:0:1:0: [sdb] Assuming drive cache: write through
[    2.496963]  sda: sda1
[    2.501539] sd 2:0:0:0: [sda] Attached SCSI disk
[    2.505119] sd 2:0:1:0: [sdb] Attached SCSI disk
[    2.905199] e1000 0000:00:08.0 eth1: (PCI:33MHz:32-bit) 08:00:27:a2:00:3d
[    2.917485] e1000 0000:00:08.0 eth1: Intel(R) PRO/1000 Network Connection
[    2.923696] e1000 0000:00:08.0 enp0s8: renamed from eth1
[    2.932865] e1000 0000:00:03.0 enp0s3: renamed from eth0
Begin: Loading essential drivers ... [    4.375099] md: linear personality registered for level -1
[    4.381608] md: multipath personality registered for level -4
[    4.386896] md: raid0 personality registered for level 0
[    4.398711] md: raid1 personality registered for level 1
[    4.748200] raid6: sse2x1   gen() 85712 MB/s
[    6.745122] raid6: sse2x1   xor() 178334 MB/s
[    8.747797] raid6: sse2x2   gen() 360894 MB/s
[    9.816666] raid6: sse2x2   xor() 16258 MB/s
[    9.891278] raid6: sse2x4   gen() 22518 MB/s
[    9.965852] raid6: sse2x4   xor() 12990 MB/s
[    9.969514] raid6: using algorithm sse2x2 gen() 360894 MB/s
[    9.973472] raid6: .... xor() 16258 MB/s, rmw enabled
[    9.976522] raid6: using ssse3x2 recovery algorithm
[    9.981971] xor: measuring software checksum speed
[   10.024677]    prefetch64-sse: 23171.000 MB/sec
[   10.064668]    generic_sse: 25857.000 MB/sec
[   10.066870] xor: using function: generic_sse (25857.000 MB/sec)
[   10.071954] async_tx: api initialized (async)
[   10.100502] md: raid6 personality registered for level 6
[   10.103565] md: raid5 personality registered for level 5
[   10.106678] md: raid4 personality registered for level 4
[   10.123532] md: raid10 personality registered for level 10
done.
Begin: Running /scripts/init-premount ... done.
Begin: Mounting root file system ... Begin: Running /scripts/local-top ... done.
Begin: Running /scripts/local-premount ... [   10.180937] Btrfs loaded
Scanning for Btrfs filesystems
done.
Warning: fsck not present, so skipping root file system
[   10.234557] EXT4-fs (sda1): mounted filesystem with ordered data mode. Opts: (null)
done.
Begin: Running /scripts/local-bottom ... done.
Begin: Running /scripts/init-bottom ... done.
[   10.356479] systemd[1]: systemd 229 running in system mode. (+PAM +AUDIT +SELINUX +IMA +APPARMOR +SMACK +SYSVINIT +UTMP +LIBCRYPTSETUP +GCRYPT +GNUTLS +ACL +XZ -LZ4 +SECCOMP +BLKID +ELFUTILS +KMOD -IDN)
[   10.366599] systemd[1]: Detected virtualization oracle.
[   10.369722] systemd[1]: Detected architecture x86-64.

Welcome to [1mUbuntu 16.04.7 LTS[0m!

[   10.378907] systemd[1]: Set hostname to <ubuntu>.
[   10.385566] systemd[1]: Initializing machine ID from random generator.
[   10.389486] systemd[1]: Installed transient /etc/machine-id file.
[   10.523550] systemd[1]: Listening on LVM2 metadata daemon socket.
[[0;32m  OK  [0m] Listening on LVM2 metadata daemon socket.
[   10.532010] systemd[1]: Listening on LVM2 poll daemon socket.
[[0;32m  OK  [0m] Listening on LVM2 poll daemon socket.
[   10.539655] systemd[1]: Listening on Device-mapper event daemon FIFOs.
[[0;32m  OK  [0m] Listening on Device-mapper event daemon FIFOs.
[   10.547809] systemd[1]: Set up automount Arbitrary Executable File Formats File System Automount Point.
[[0;32m  OK  [0m] Set up automount Arbitrary Executab...ats File System Automount Point.
[   10.558950] systemd[1]: Listening on Journal Socket.
[[0;32m  OK  [0m] Listening on Journal Socket.
[   10.566468] systemd[1]: Created slice System Slice.
[[0;32m  OK  [0m] Created slice System Slice.
[   10.584837] systemd[1]: Starting Uncomplicated firewall...
         Starting Uncomplicated firewall...
[   10.593109] systemd[1]: Starting Set console keymap...
         Starting Set console keymap...
[   10.601862] systemd[1]: Mounting POSIX Message Queue File System...
         Mounting POSIX Message Queue File System...
[   10.611845] systemd[1]: Mounting Huge Pages File System...
         Mounting Huge Pages File System...
[   10.619899] systemd[1]: Listening on Journal Socket (/dev/log).
[[0;32m  OK  [0m] Listening on Journal Socket (/dev/log).
[   10.629697] systemd[1]: Reached target System Time Synchronized.
[[0;32m  OK  [0m] Reached target System Time Synchronized.
[   10.639555] systemd[1]: Starting Monitoring of LVM2 mirrors, snapshots etc. using dmeventd or progress polling...
         Starting Monitoring of LVM2 mirrors... dmeventd or progress polling...
[   10.651022] systemd[1]: Reached target User and Group Name Lookups.
[[0;32m  OK  [0m] Reached target User and Group Name Lookups.
[   10.662048] systemd[1]: Starting Create list of required static device nodes for the current kernel...
         Starting Create list of required st... nodes for the current kernel...
[   10.674903] systemd[1]: Started Trigger resolvconf update for networkd DNS.
[[0;32m  OK  [0m] Started Trigger resolvconf update for networkd DNS.
[   10.683806] systemd[1]: Listening on /dev/initctl Compatibility Named Pipe.
[[0;32m  OK  [0m] Listening on /dev/initctl Compatibility Named Pipe.
[   10.693290] systemd[1]: Reached target Swap.
[[0;32m  OK  [0m] Reached target Swap.
[   10.700095] systemd[1]: Starting Nameserver information manager...
         Starting Nameserver information manager...
[   10.707381] systemd[1]: Reached target Encrypted Volumes.
[[0;32m  OK  [0m] Reached target Encrypted Volumes.
[   10.716170] systemd[1]: Listening on Syslog Socket.
[[0;32m  OK  [0m] Listening on Syslog Socket.
[   10.723294] systemd[1]: Listening on udev Control Socket.
[[0;32m  OK  [0m] Listening on udev Control Socket.
[   10.740516] systemd[1]: Mounting Debug File System...
         Mounting Debug File System...
[   10.749900] systemd[1]: Starting Load Kernel Modules...
         Starting Load Kernel Modules...
[   10.760037] systemd[1]: Created slice User and Session Slice.
[[0;32m  OK  [0m] Created slice User and Session Slice.
[   10.768496] systemd[1]: Reached target Slices.
[   10.772680] Loading iSCSI transport class v2.0-870.
[[0;32m  OK  [0m] Reached target Slices.
[   10.778487] systemd[1]: Created slice system-serial\x2dgetty.slice.
[[0;32m  OK  [0m] Created slice system-serial\x2dgetty.slice.
[   10.789269] iscsi: registered transport (tcp)
[   10.792626] systemd[1]: Listening on fsck to fsckd communication Socket.
[[0;32m  OK  [0m] Listening on fsck to fsckd communication Socket.
[   10.816492] systemd[1]: Starting File System Check on Root Device...
         Starting File System Check on Root Device...
[   10.829194] systemd[1]: Listening on udev Kernel Socket.
[[0;32m  OK  [0m] Listening on udev Kernel Socket.
[   10.839901] systemd[1]: Started Forward Password Requests to Wall Directory Watch.
[[0;32m  OK  [0m] Started Forward Password Requests to Wall Directory Watch.
[   10.852548] systemd[1]: Listening on Journal Audit Socket.
[[0;32m  OK  [0m] Listening on Journal Audit Socket.
[   10.871158] iscsi: registered transport (iser)
[   10.876638] systemd[1]: Starting Journal Service...
         Starting Journal Service...
[   10.886468] systemd[1]: Mounted Huge Pages File System.
[[0;32m  OK  [0m] Mounted Huge Pages File System.
[   10.895110] systemd[1]: Mounted POSIX Message Queue File System.
[[0;32m  OK  [0m] Mounted POSIX Message Queue File System.
[   10.903531] systemd[1]: Mounted Debug File System.
[[0;32m  OK  [0m] Mounted Debug File System.
[   10.910440] systemd[1]: Started Journal Service.
[[0;32m  OK  [0m] Started Journal Service.
[[0;32m  OK  [0m] Started Uncomplicated firewall.
[[0;32m  OK  [0m] Started Set console keymap.
[[0;32m  OK  [0m] Started Create list of required sta...ce nodes for the current kernel.
[[0;32m  OK  [0m] Started Load Kernel Modules.
[[0;32m  OK  [0m] Started File System Check on Root Device.
[[0;32m  OK  [0m] Started Nameserver information manager.
[[0;32m  OK  [0m] Started LVM2 metadata daemon.
[[0;32m  OK  [0m] Started File System Check Daemon to report status.
         Starting Remount Root and Kernel File Systems...
         Mounting FUSE Control File System...
         Starting Apply Kernel Variables...
         Starting Create Static Device Nodes in /dev...
[[0;32m  OK  [0m] Mounted FUSE Control File System.
[[0;32m  OK  [0m] Started Apply Kernel Variables.
[[0;32m  OK  [0m] Started Remount Root and Kernel File Systems.
[[0;32m  OK  [0m] Started Create Static Device Nodes in /dev.
         Starting udev Kernel Device Manager...
         Starting Load/Save Random Seed...
         Starting udev Coldplug all Devices...
         Starting Flush Journal to Persistent Storage...
[[0;32m  OK  [0m] Started Load/Save Random Seed.
[[0;32m  OK  [0m] Started Flush Journal to Persistent Storage.
[[0;32m  OK  [0m] Started udev Kernel Device Manager.
[[0;32m  OK  [0m] Started udev Coldplug all Devices.
[[0;32m  OK  [0m] Started Dispatch Password Requests to Console Directory Watch.
[[0;32m  OK  [0m] Found device /dev/ttyS0.
[[0;32m  OK  [0m] Listening on Load/Save RF Kill Switch Status /dev/rfkill Watch.
[[0;32m  OK  [0m] Started Monitoring of LVM2 mirrors,...ng dmeventd or progress polling.
[[0;32m  OK  [0m] Reached target Local File Systems (Pre).
[[0;32m  OK  [0m] Reached target Local File Systems.
         Starting Set console font and keymap...
         Starting Commit a transient machine-id on disk...
         Starting Tell Plymouth To Write Out Runtime Data...
         Starting LSB: AppArmor initialization...
         Starting Create Volatile Files and Directories...
         Starting Initial cloud-init job (pre-networking)...
[[0;32m  OK  [0m] Started Tell Plymouth To Write Out Runtime Data.
[[0;32m  OK  [0m] Started Commit a transient machine-id on disk.
[[0;32m  OK  [0m] Started Create Volatile Files and Directories.
         Starting Update UTMP about System Boot/Shutdown...
[[0;32m  OK  [0m] Started Update UTMP about System Boot/Shutdown.
[[0;32m  OK  [0m] Started LSB: AppArmor initialization.
         Starting Load AppArmor profiles managed internally by snapd...
[[0;32m  OK  [0m] Started Set console font and keymap.
[[0;32m  OK  [0m] Started Load AppArmor profiles managed internally by snapd.
[[0;32m  OK  [0m] Created slice system-getty.slice.
[   12.992128] cloud-init[614]: Cloud-init v. 21.1-19-gbad84ad4-0ubuntu1~16.04.2 running 'init-local' at Thu, 09 Feb 2023 17:04:51 +0000. Up 12.52 seconds.
[[0;32m  OK  [0m] Started Initial cloud-init job (pre-networking).
[[0;32m  OK  [0m] Reached target Network (Pre).
         Starting Raise network interfaces...
[[0;32m  OK  [0m] Started Raise network interfaces.
         Starting Initial cloud-init job (metadata service crawler)...
[[0;32m  OK  [0m] Reached target Network.
[   13.818185] cloud-init[935]: Cloud-init v. 21.1-19-gbad84ad4-0ubuntu1~16.04.2 running 'init' at Thu, 09 Feb 2023 17:04:52 +0000. Up 13.45 seconds.
[   13.822133] cloud-init[935]: ci-info: ++++++++++++++++++++++++++++++++++++++Net device info+++++++++++++++++++++++++++++++++++++++
[   13.825705] cloud-init[935]: ci-info: +--------+-------+----------------------------+---------------+--------+-------------------+
[   13.829422] cloud-init[935]: ci-info: | Device |   Up  |          Address           |      Mask     | Scope  |     Hw-Address    |
[   13.832981] cloud-init[935]: ci-info: +--------+-------+----------------------------+---------------+--------+-------------------+
[   13.836443] cloud-init[935]: ci-info: | enp0s3 |  True |         10.0.2.15          | 255.255.255.0 | global | 02:be:82:6b:cc:1d |
[   13.839934] cloud-init[935]: ci-info: | enp0s3 |  True | fe80::be:82ff:fe6b:cc1d/64 |       .       |  link  | 02:be:82:6b:cc:1d |
[   13.843269] cloud-init[935]: ci-info: | enp0s8 | False |             .              |       .       |   .    | 08:00:27:a2:00:3d |
[   13.846478] cloud-init[935]: ci-info: |   lo   |  True |         127.0.0.1          |   255.0.0.0   |  host  |         .         |
[   13.849785] cloud-init[935]: ci-info: |   lo   |  True |          ::1/128           |       .       |  host  |         .         |
[   13.853059] cloud-init[935]: ci-info: +--------+-------+----------------------------+---------------+--------+-------------------+
[   13.856256] cloud-init[935]: ci-info: +++++++++++++++++++++++++++Route IPv4 info++++++++++++++++++++++++++++
[   13.859218] cloud-init[935]: ci-info: +-------+-------------+----------+---------------+-----------+-------+
[   13.862022] cloud-init[935]: ci-info: | Route | Destination | Gateway  |    Genmask    | Interface | Flags |
[   13.865328] cloud-init[935]: ci-info: +-------+-------------+----------+---------------+-----------+-------+
[   13.868515] cloud-init[935]: ci-info: |   0   |   0.0.0.0   | 10.0.2.2 |    0.0.0.0    |   enp0s3  |   UG  |
[   13.871492] cloud-init[935]: ci-info: |   1   |   10.0.2.0  | 0.0.0.0  | 255.255.255.0 |   enp0s3  |   U   |
[   13.874585] cloud-init[935]: ci-info: +-------+-------------+----------+---------------+-----------+-------+
[   13.877519] cloud-init[935]: ci-info: +++++++++++++++++++Route IPv6 info+++++++++++++++++++
[   13.880166] cloud-init[935]: ci-info: +-------+-------------+---------+-----------+-------+
[   13.883252] cloud-init[935]: ci-info: | Route | Destination | Gateway | Interface | Flags |
[   13.886101] cloud-init[935]: ci-info: +-------+-------------+---------+-----------+-------+
[   13.890863] cloud-init[935]: ci-info: |   0   |  fe80::/64  |    ::   |   enp0s3  |   U   |
[   13.893756] cloud-init[935]: ci-info: |   3   |   ff00::/8  |    ::   |   enp0s3  |   U   |
[   13.896689] cloud-init[935]: ci-info: +-------+-------------+---------+-----------+-------+
[   13.899273] cloud-init[935]: Generating public/private rsa key pair.
[   13.902110] cloud-init[935]: Your identification has been saved in /etc/ssh/ssh_host_rsa_key.
[   13.905248] cloud-init[935]: Your public key has been saved in /etc/ssh/ssh_host_rsa_key.pub.
[   13.908672] cloud-init[935]: The key fingerprint is:
[   13.911189] cloud-init[935]: SHA256:LUxHmLNTwxCuZbsj5TpsE52D6b0iUf2CipwFr9RQCL4 root@ubuntu-xenial
[   13.914417] cloud-init[935]: The key's randomart image is:
[   13.916860] cloud-init[935]: +---[RSA 2048]----+
[   13.919238] cloud-init[935]: |.. .    o*.      |
[   13.921337] cloud-init[935]: |. . .  .+.+      |
[   13.923490] cloud-init[935]: | . .   .=+..     |
[   13.925887] cloud-init[935]: |  +   .*++       |
[   13.928057] cloud-init[935]: | E = ..=S+.      |
[   13.930401] cloud-init[935]: |  . = =o=o.      |
[   13.932758] cloud-init[935]: | o = =.o+o       |
[   13.935045] cloud-init[935]: |  = o Bo..       |
[   13.937326] cloud-init[935]: |     o.+..       |
[   13.939892] cloud-init[935]: +----[SHA256]-----+
[   13.940955] cloud-init[935]: Generating public/private dsa key pair.
[   13.941299] cloud-init[935]: Your identification has been saved in /etc/ssh/ssh_host_dsa_key.
[   13.941543] cloud-init[935]: Your public key has been saved in /etc/ssh/ssh_host_dsa_key.pub.
[   13.941790] cloud-init[935]: The key fingerprint is:
[   13.942041] cloud-init[935]: SHA256:VhvMeZys/hm5V7CO5gxPH5VSHQ2hUOnImIcubt4fqwg root@ubuntu-xenial
[   13.942293] cloud-init[935]: The key's randomart image is:
[   13.942548] cloud-init[935]: +---[DSA 1024]----+
[   13.942801] cloud-init[935]: |          ....o+.|
[   13.943045] cloud-init[935]: |         o =.o  +|
[   13.943297] cloud-init[935]: |         =*o*  ..|
[   13.943551] cloud-init[935]: |        +.+=. o .|
[   13.943802] cloud-init[935]: |       .S.o  . +.|
[   13.944186] cloud-init[935]: |      ....   .o..|
[   13.944368] cloud-init[935]: |    E. .  + +o.. |
[   13.944612] cloud-init[935]: |     .oo   Oo=o. |
[   13.944868] cloud-init[935]: |     oo ooooB..  |
[   13.945109] cloud-init[935]: +----[SHA256]-----+
[   13.945361] cloud-init[935]: Generating public/private ecdsa key pair.
[   13.945616] cloud-init[935]: Your identification has been saved in /etc/ssh/ssh_host_ecdsa_key.
[   13.945878] cloud-init[935]: Your public key has been saved in /etc/ssh/ssh_host_ecdsa_key.pub.
[   13.946134] cloud-init[935]: The key fingerprint is:
[   13.946388] cloud-init[935]: SHA256:kRsmjah16DnXprxc3FbjTToZyikHiQ12NrmxRfvFpkE root@ubuntu-xenial
[   13.946632] cloud-init[935]: The key's randomart image is:
[   13.946875] cloud-init[935]: +---[ECDSA 256]---+
[   13.947126] cloud-init[935]: |          . E    |
[   13.947379] cloud-init[935]: |     o o + o .   |
[   13.947508] cloud-init[935]: |    + * % o . +  |
[   13.947857] cloud-init[935]: |   + + X @ . =   |
[   13.948353] cloud-init[935]: |  . + o S   * .  |
[   13.948526] cloud-init[935]: |     + + + = B   |
[   13.948731] cloud-init[935]: |      o + B = .  |
[   13.948974] cloud-init[935]: |     . o +   .   |
[   13.949252] cloud-init[935]: |      o          |
[   13.949459] cloud-init[935]: +----[SHA256]-----+
[   13.949717] cloud-init[935]: Generating public/private ed25519 key pair.
[   13.949924] cloud-init[935]: Your identification has been saved in /etc/ssh/ssh_host_ed25519_key.
[   13.950125] cloud-init[935]: Your public key has been saved in /etc/ssh/ssh_host_ed25519_key.pub.
[   13.950360] cloud-init[935]: The key fingerprint is:
[   13.950625] cloud-init[935]: SHA256:/dOF2grYnj9flfxTCVAkx+stFRDxCTv9R7FD9gzNDPc root@ubuntu-xenial
[   13.950890] cloud-init[935]: The key's randomart image is:
[   13.951086] cloud-init[935]: +--[ED25519 256]--+
[   13.951312] cloud-init[935]: |           o+O*O.|
[   13.951535] cloud-init[935]: |            +.B=X|
[   13.951751] cloud-init[935]: |             +.*E|
[   13.951934] cloud-init[935]: |         .   .++=|
[   13.952571] cloud-init[935]: |        S . . ++*|
[   13.952754] cloud-init[935]: |         o . * o=|
[   13.952958] cloud-init[935]: |        . o + +.o|
[   13.953165] cloud-init[935]: |         . o.o ..|
[   13.953365] cloud-init[935]: |          o.oo.  |
[   13.953556] cloud-init[935]: +----[SHA256]-----+
[[0;32m  OK  [0m] Started Initial cloud-init job (metadata service crawler).
[[0;32m  OK  [0m] Reached target System Initialization.
[[0;32m  OK  [0m] Started Ubuntu Advantage update messaging.
[[0;32m  OK  [0m] Listening on UUID daemon activation socket.
[[0;32m  OK  [0m] Listening on ACPID Listen Socket.
[[0;32m  OK  [0m] Listening on D-Bus System Message Bus Socket.
[[0;32m  OK  [0m] Started Daily apt download activities.
[[0;32m  OK  [0m] Started ACPI Events Check.
[[0;32m  OK  [0m] Reached target Paths.
         Starting Socket activation for snappy daemon.
         Starting LXD - unix socket.
[[0;32m  OK  [0m] Started Daily Cleanup of Temporary Directories.
[[0;32m  OK  [0m] Started Message of the Day.
[[0;32m  OK  [0m] Started Daily apt upgrade and clean activities.
[[0;32m  OK  [0m] Reached target Timers.
[[0;32m  OK  [0m] Reached target Network is Online.
         Starting iSCSI initiator daemon (iscsid)...
[[0;32m  OK  [0m] Reached target Cloud-config availability.
[[0;32m  OK  [0m] Listening on Socket activation for snappy daemon.
[[0;32m  OK  [0m] Listening on LXD - unix socket.
[[0;32m  OK  [0m] Reached target Sockets.
[[0;32m  OK  [0m] Reached target Basic System.
         Starting LSB: MD monitoring daemon...
         Starting LSB: Record successful boot for GRUB...
[[0;32m  OK  [0m] Started ACPI event daemon.
         Starting Login Service...
         Starting LXD - container startup/shutdown...
[[0;32m  OK  [0m] Started FUSE filesystem for LXC.
         Starting Accounts Service...
[[0;32m  OK  [0m] Started Deferred execution scheduler.
         Starting System Logging Service...
         Starting /etc/rc.local Compatibility...
         Starting Virtualbox guest utils...
[[0;32m  OK  [0m] Started D-Bus System Message Bus.
         Starting Pollinate to seed the pseudo random number generator...
[[0;32m  OK  [0m] Started Regular background program processing daemon.
         Starting Snap Daemon...
[[0;32m  OK  [0m] Started System Logging Service.
[[0;32m  OK  [0m] Started iSCSI initiator daemon (iscsid).
[[0;32m  OK  [0m] Started LXD - container startup/shutdown.
[[0;32m  OK  [0m] Started /etc/rc.local Compatibility.
[[0;32m  OK  [0m] Started LSB: Record successful boot for GRUB.
[[0;32m  OK  [0m] Started LSB: MD monitoring daemon.
[[0;32m  OK  [0m] Started Login Service.
[[0;32m  OK  [0m] Started Unattended Upgrades Shutdown.
         Starting Authenticate and Authorize Users to Run Privileged Tasks...
         Starting Login to default iSCSI targets...
[[0;32m  OK  [0m] Started Login to default iSCSI targets.
[[0;32m  OK  [0m] Reached target Remote File Systems (Pre).
[[0;32m  OK  [0m] Reached target Remote File Systems.
         Starting LSB: daemon to balance interrupts for SMP systems...
         Starting LSB: automatic crash report generation...
         Starting LSB: Set the CPU Frequency Scaling governor to "ondemand"...
         Starting Permit User Sessions...
[[0;32m  OK  [0m] Started Virtualbox guest utils.
[[0;32m  OK  [0m] Started Permit User Sessions.
[[0;32m  OK  [0m] Started Authenticate and Authorize Users to Run Privileged Tasks.
[[0;32m  OK  [0m] Started Accounts Service.
         Starting Terminate Plymouth Boot Screen...
         Starting Hold until boot process finishes up...
[[0;32m  OK  [0m] Started LSB: daemon to balance interrupts for SMP systems.
[[0;32m  OK  [0m] Started LSB: Set the CPU Frequency Scaling governor to "ondemand".
[[0;32m  OK  [0m] Started Terminate Plymouth Boot Screen.
[[0;32m  OK  [0m] Started Hold until boot process finishes up.
         Starting Set console scheme...
[[0;32m  OK  [0m] Started Getty on tty1.
[[0;32m  OK  [0m] Started Serial Getty on ttyS0.
[[0;32m  OK  [0m] Reached target Login Prompts.
[[0;32m  OK  [0m] Started LSB: automatic crash report generation.
[[0;32m  OK  [0m] Started Set console scheme.
[[0;32m  OK  [0m] Started Snap Daemon.
         Starting Wait until snapd is fully seeded...
[[0;32m  OK  [0m] Started Wait until snapd is fully seeded.
         Starting Apply the settings specified in cloud-config...
[   15.680398] cloud-init[1252]: Generating locales (this might take a while)...
[   16.340559] cloud-init[1252]:   en_US.UTF-8... done
[   16.342947] cloud-init[1252]: Generation complete.
[   16.603170] cloud-init[1252]: Cloud-init v. 21.1-19-gbad84ad4-0ubuntu1~16.04.2 running 'modules:config' at Thu, 09 Feb 2023 17:04:54 +0000. Up 15.60 seconds.
[[0;32m  OK  [0m] Started Apply the settings specified in cloud-config.
[[0;32m  OK  [0m] Started Pollinate to seed the pseudo random number generator.
         Starting OpenBSD Secure Shell server...
[[0;32m  OK  [0m] Started OpenBSD Secure Shell server.
[[0;32m  OK  [0m] Reached target Multi-User System.
         Starting Execute cloud user/final scripts...
[[0;32m  OK  [0m] Reached target Graphical Interface.
         Starting Update UTMP about System Runlevel Changes...
[[0;32m  OK  [0m] Started Update UTMP about System Runlevel Changes.
[[0;32m  OK  [0m] Created slice User Slice of vagrant.
         Starting User Manager for UID 1000...
[[0;32m  OK  [0m] Started Session 1 of user vagrant.
[[0;32m  OK  [0m] Started User Manager for UID 1000.
ci-info: no authorized SSH keys fingerprints found for user ubuntu.
<14>Feb  9 17:04:58 ec2: 
<14>Feb  9 17:04:58 ec2: #############################################################
<14>Feb  9 17:04:58 ec2: -----BEGIN SSH HOST KEY FINGERPRINTS-----
<14>Feb  9 17:04:58 ec2: 1024 SHA256:VhvMeZys/hm5V7CO5gxPH5VSHQ2hUOnImIcubt4fqwg root@ubuntu-xenial (DSA)
<14>Feb  9 17:04:58 ec2: 256 SHA256:kRsmjah16DnXprxc3FbjTToZyikHiQ12NrmxRfvFpkE root@ubuntu-xenial (ECDSA)
<14>Feb  9 17:04:58 ec2: 256 SHA256:/dOF2grYnj9flfxTCVAkx+stFRDxCTv9R7FD9gzNDPc root@ubuntu-xenial (ED25519)
<14>Feb  9 17:04:58 ec2: 2048 SHA256:LUxHmLNTwxCuZbsj5TpsE52D6b0iUf2CipwFr9RQCL4 root@ubuntu-xenial (RSA)
<14>Feb  9 17:04:58 ec2: -----END SSH HOST KEY FINGERPRINTS-----
<14>Feb  9 17:04:58 ec2: #############################################################
-----BEGIN SSH HOST KEY KEYS-----
ecdsa-sha2-nistp256 AAAAE2VjZHNhLXNoYTItbmlzdHAyNTYAAAAIbmlzdHAyNTYAAABBBPQ3uIXW1JsoVF0kUmjNwBRDlqbagUm/DFNELC1LeeAIxZEMha2X8oZywB/iIi9sS00M4HjCAiY+Oiv5DHIFzys= root@ubuntu-xenial
ssh-ed25519 AAAAC3NzaC1lZDI1NTE5AAAAIFAPybrJ1jby5ivI7naKJcALtupN/DAuRwOXgGc2GiQ1 root@ubuntu-xenial
ssh-rsa AAAAB3NzaC1yc2EAAAADAQABAAABAQCsTytJKgsmCO/hCcrrBivnoWhB3zm9h1Wmu7xX5KxeFtXe9RDxrHrvjf//X30LuuRf0f+0kRawHGTkwCtDLY85iGZrEEtk4rMc3on/hPTlyrF5YKqEl3GjJUZ1cy6vvQlkbkZiUiMYiadyDH2QbiyXAaAHUvHYW4GTCj+pYYW/gLLqNY+Y7zGyO1QOjrQFWZt0I34u3oDjQKzM9Xp9BoBKIYiWOyrHGbLcUwBI2lHCuvsbsMeOVbQZMmyvO2vROI2CgQ6XtRDEevny/MckbWy8tHVDUTmByF+HS7Bwi9ALQ2p1QHeKw8OXqonrmvgIkmQI+YcDweB5mntPO94m6NnR root@ubuntu-xenial
-----END SSH HOST KEY KEYS-----
[   18.882447] cloud-init[1312]: Cloud-init v. 21.1-19-gbad84ad4-0ubuntu1~16.04.2 running 'modules:final' at Thu, 09 Feb 2023 17:04:57 +0000. Up 18.73 seconds.
[   18.886894] cloud-init[1312]: ci-info: no authorized SSH keys fingerprints found for user ubuntu.
[   18.890330] cloud-init[1312]: Cloud-init v. 21.1-19-gbad84ad4-0ubuntu1~16.04.2 finished at Thu, 09 Feb 2023 17:04:58 +0000. Datasource DataSourceNoCloud [seed=/dev/sdb][dsmode=net].  Up 18.87 seconds
[[0;32m  OK  [0m] Started Execute cloud user/final scripts.
[[0;32m  OK  [0m] Reached target Cloud-init target.

Ubuntu 16.04.7 LTS ubuntu-xenial ttyS0

ubuntu-xenial login: 